I, [2015-05-05T14:43:42.661110 #26116]  INFO -- Kitchen: -----> Starting Kitchen (v1.3.1)
I, [2015-05-05T14:43:42.712773 #26116]  INFO -- Kitchen: -----> Creating <default-rhel-66>...
I, [2015-05-05T14:49:24.219542 #26116]  INFO -- Kitchen: -----> Kitchen is finished. (5m41.56s)
I, [2015-05-05T14:53:35.868619 #27650]  INFO -- Kitchen: -----> Starting Kitchen (v1.3.1)
I, [2015-05-05T14:53:35.918271 #27650]  INFO -- Kitchen: -----> Converging <default-rhel-66>...
I, [2015-05-05T15:01:14.704658 #27650]  INFO -- Kitchen: -----> Kitchen is finished. (7m38.84s)
I, [2015-05-05T15:03:36.037876 #28160]  INFO -- Kitchen: -----> Starting Kitchen (v1.3.1)
I, [2015-05-05T15:03:43.261214 #28178]  INFO -- Kitchen: -----> Starting Kitchen (v1.3.1)
I, [2015-05-05T15:03:43.310472 #28178]  INFO -- Kitchen: -----> Setting up <default-rhel-66>...
I, [2015-05-05T15:03:43.312546 #28178]  INFO -- Kitchen: -----> Verifying <default-rhel-66>...
I, [2015-05-05T15:03:43.314467 #28178]  INFO -- Kitchen: -----> Kitchen is finished. (0m0.05s)
I, [2015-05-05T15:07:45.660802 #28336]  INFO -- Kitchen: -----> Starting Kitchen (v1.3.1)
I, [2015-05-05T15:07:45.710352 #28336]  INFO -- Kitchen: -----> Verifying <default-rhel-66>...
I, [2015-05-05T15:07:45.712475 #28336]  INFO -- Kitchen: -----> Kitchen is finished. (0m0.05s)
I, [2015-05-05T15:09:48.780925 #28411]  INFO -- Kitchen: -----> Starting Kitchen (v1.3.1)
I, [2015-05-05T15:09:53.454566 #28425]  INFO -- Kitchen: -----> Starting Kitchen (v1.3.1)
I, [2015-05-05T15:09:53.505375 #28425]  INFO -- Kitchen: -----> Verifying <default-rhel-66>...
E, [2015-05-05T15:09:53.610069 #28425] ERROR -- Kitchen: Verify failed on instance <default-rhel-66>.
I, [2015-05-05T15:10:35.157257 #28457]  INFO -- Kitchen: -----> Starting Kitchen (v1.3.1)
I, [2015-05-05T15:10:35.206912 #28457]  INFO -- Kitchen: -----> Converging <default-rhel-66>...
I, [2015-05-05T15:10:40.325402 #28457]  INFO -- Kitchen: -----> Kitchen is finished. (0m5.17s)
I, [2015-05-05T15:10:46.849967 #28695]  INFO -- Kitchen: -----> Starting Kitchen (v1.3.1)
I, [2015-05-05T15:10:46.899430 #28695]  INFO -- Kitchen: -----> Setting up <default-rhel-66>...
I, [2015-05-05T15:11:17.990496 #28695]  INFO -- Kitchen: -----> Verifying <default-rhel-66>...
I, [2015-05-05T15:11:29.856129 #28695]  INFO -- Kitchen: -----> Kitchen is finished. (0m43.01s)
I, [2015-05-05T15:15:41.712726 #28912]  INFO -- Kitchen: -----> Starting Kitchen (v1.3.1)
I, [2015-05-05T15:15:45.485906 #28926]  INFO -- Kitchen: -----> Starting Kitchen (v1.3.1)
I, [2015-05-05T15:15:45.536055 #28926]  INFO -- Kitchen: -----> Converging <default-rhel-66>...
I, [2015-05-05T15:15:55.683339 #28926]  INFO -- Kitchen: -----> Kitchen is finished. (0m10.20s)
I, [2015-05-05T15:16:00.261693 #29164]  INFO -- Kitchen: -----> Starting Kitchen (v1.3.1)
I, [2015-05-05T15:16:02.830273 #29178]  INFO -- Kitchen: -----> Starting Kitchen (v1.3.1)
I, [2015-05-05T15:16:02.880332 #29178]  INFO -- Kitchen: -----> Setting up <default-rhel-66>...
I, [2015-05-05T15:16:34.306223 #29178]  INFO -- Kitchen: -----> Verifying <default-rhel-66>...
E, [2015-05-05T15:16:36.288766 #29178] ERROR -- Kitchen: Verify failed on instance <default-rhel-66>.
I, [2015-05-05T15:18:38.897553 #29353]  INFO -- Kitchen: -----> Starting Kitchen (v1.3.1)
I, [2015-05-05T15:18:38.947433 #29353]  INFO -- Kitchen: -----> Converging <default-rhel-66>...
I, [2015-05-05T15:18:44.024029 #29353]  INFO -- Kitchen: -----> Kitchen is finished. (0m5.13s)
I, [2015-05-05T15:18:47.847679 #29591]  INFO -- Kitchen: -----> Starting Kitchen (v1.3.1)
I, [2015-05-05T15:18:47.897821 #29591]  INFO -- Kitchen: -----> Setting up <default-rhel-66>...
I, [2015-05-05T15:18:52.872066 #29591]  INFO -- Kitchen: -----> Verifying <default-rhel-66>...
E, [2015-05-05T15:18:54.774154 #29591] ERROR -- Kitchen: Verify failed on instance <default-rhel-66>.
I, [2015-05-05T15:19:35.420663 #29686]  INFO -- Kitchen: -----> Starting Kitchen (v1.3.1)
I, [2015-05-05T15:19:35.470726 #29686]  INFO -- Kitchen: -----> Converging <default-rhel-66>...
I, [2015-05-05T15:19:40.595758 #29686]  INFO -- Kitchen: -----> Kitchen is finished. (0m5.17s)
I, [2015-05-05T15:20:05.468790 #29925]  INFO -- Kitchen: -----> Starting Kitchen (v1.3.1)
I, [2015-05-05T15:20:05.518464 #29925]  INFO -- Kitchen: -----> Setting up <default-rhel-66>...
I, [2015-05-05T15:20:07.693998 #29925]  INFO -- Kitchen: -----> Verifying <default-rhel-66>...
I, [2015-05-05T15:20:09.596520 #29925]  INFO -- Kitchen: -----> Kitchen is finished. (0m4.13s)
I, [2015-05-05T15:21:04.031175 #30020]  INFO -- Kitchen: -----> Starting Kitchen (v1.3.1)
I, [2015-05-05T15:21:04.081069 #30020]  INFO -- Kitchen: -----> Converging <default-rhel-66>...
I, [2015-05-05T15:21:09.151867 #30020]  INFO -- Kitchen: -----> Kitchen is finished. (0m5.12s)
I, [2015-05-05T15:21:17.206123 #30258]  INFO -- Kitchen: -----> Starting Kitchen (v1.3.1)
I, [2015-05-05T15:21:17.256168 #30258]  INFO -- Kitchen: -----> Setting up <default-rhel-66>...
I, [2015-05-05T15:21:19.449267 #30258]  INFO -- Kitchen: -----> Verifying <default-rhel-66>...
I, [2015-05-05T15:21:21.362456 #30258]  INFO -- Kitchen: -----> Kitchen is finished. (0m4.16s)
I, [2015-05-05T15:21:55.452579 #30367]  INFO -- Kitchen: -----> Starting Kitchen (v1.3.1)
I, [2015-05-05T15:22:06.271238 #30381]  INFO -- Kitchen: -----> Starting Kitchen (v1.3.1)
E, [2015-05-05T15:22:06.322991 #30381] ERROR -- Kitchen: 
No instances for regex `--help', try running `kitchen list'


I, [2015-05-05T15:22:18.359790 #30397]  INFO -- Kitchen: -----> Starting Kitchen (v1.3.1)
D, [2015-05-05T15:22:18.373209 #30397] DEBUG -- Kitchen: [kitchen::driver::docker command] BEGIN (sudo -E docker >> /dev/null 2>&1)
D, [2015-05-05T15:22:18.404127 #30397] DEBUG -- Kitchen: [kitchen::driver::docker command] END (0m0.01s)
I, [2015-05-05T15:22:18.409202 #30397]  INFO -- Kitchen: -----> Verifying <default-rhel-66>...
I, [2015-05-05T15:22:20.328159 #30397]  INFO -- Kitchen: -----> Kitchen is finished. (0m1.97s)
I, [2015-05-05T15:22:36.715071 #30481]  INFO -- Kitchen: -----> Starting Kitchen (v1.3.1)
I, [2015-05-05T15:22:36.766181 #30481]  INFO -- Kitchen: -----> Converging <default-rhel-66>...
I, [2015-05-05T15:22:41.868512 #30481]  INFO -- Kitchen: -----> Kitchen is finished. (0m5.15s)
I, [2015-05-05T15:22:46.510035 #30719]  INFO -- Kitchen: -----> Starting Kitchen (v1.3.1)
I, [2015-05-05T15:22:46.562194 #30719]  INFO -- Kitchen: -----> Setting up <default-rhel-66>...
I, [2015-05-05T15:23:00.287325 #30719]  INFO -- Kitchen: -----> Verifying <default-rhel-66>...
I, [2015-05-05T15:23:02.205468 #30719]  INFO -- Kitchen: -----> Kitchen is finished. (0m15.70s)
